2023-11-08T20:43:08.968+05:30  INFO 14320 --- [main] com.app.OnlineCabBookingApplication      : Starting OnlineCabBookingApplication using Java 17.0.8.1 with PID 14320 (C:\Users\asus\Desktop\OnlineCabBookingApplication\OnlineCabBookingApplication\target\classes started by asus in C:\Users\asus\Desktop\OnlineCabBookingApplication\OnlineCabBookingApplication)
2023-11-08T20:43:08.981+05:30  INFO 14320 --- [main] com.app.OnlineCabBookingApplication      : No active profile set, falling back to 1 default profile: "default"
2023-11-08T20:43:10.302+05:30  INFO 14320 --- [main] .s.d.r.c.RepositoryConfigurationDelegate : Bootstrapping Spring Data JPA repositories in DEFAULT mode.
2023-11-08T20:43:10.423+05:30  INFO 14320 --- [main] .s.d.r.c.RepositoryConfigurationDelegate : Finished Spring Data repository scanning in 106 ms. Found 5 JPA repository interfaces.
2023-11-08T20:43:11.344+05:30  INFO 14320 --- [main] o.s.b.w.embedded.tomcat.TomcatWebServer  : Tomcat initialized with port(s): 8080 (http)
2023-11-08T20:43:11.358+05:30  INFO 14320 --- [main] o.apache.catalina.core.StandardService   : Starting service [Tomcat]
2023-11-08T20:43:11.358+05:30  INFO 14320 --- [main] o.apache.catalina.core.StandardEngine    : Starting Servlet engine: [Apache Tomcat/10.1.15]
2023-11-08T20:43:11.497+05:30  INFO 14320 --- [main] o.a.c.c.C.[Tomcat].[localhost].[/]       : Initializing Spring embedded WebApplicationContext
2023-11-08T20:43:11.497+05:30  INFO 14320 --- [main] w.s.c.ServletWebServerApplicationContext : Root WebApplicationContext: initialization completed in 2367 ms
2023-11-08T20:43:11.714+05:30  INFO 14320 --- [main] o.hibernate.jpa.internal.util.LogHelper  : HHH000204: Processing PersistenceUnitInfo [name: default]
2023-11-08T20:43:11.847+05:30  INFO 14320 --- [main] org.hibernate.Version                    : HHH000412: Hibernate ORM core version 6.2.13.Final
2023-11-08T20:43:11.851+05:30  INFO 14320 --- [main] org.hibernate.cfg.Environment            : HHH000406: Using bytecode reflection optimizer
2023-11-08T20:43:12.250+05:30  INFO 14320 --- [main] o.s.o.j.p.SpringPersistenceUnitInfo      : No LoadTimeWeaver setup: ignoring JPA class transformer
2023-11-08T20:43:12.288+05:30  INFO 14320 --- [main] com.zaxxer.hikari.HikariDataSource       : HikariPool-1 - Starting...
2023-11-08T20:43:12.756+05:30  INFO 14320 --- [main] com.zaxxer.hikari.pool.HikariPool        : HikariPool-1 - Added connection com.mysql.cj.jdbc.ConnectionImpl@60a6840c
2023-11-08T20:43:12.759+05:30  INFO 14320 --- [main] com.zaxxer.hikari.HikariDataSource       : HikariPool-1 - Start completed.
2023-11-08T20:43:14.370+05:30  INFO 14320 --- [main] o.h.e.t.j.p.i.JtaPlatformInitiator       : HHH000489: No JTA platform available (set 'hibernate.transaction.jta.platform' to enable JTA platform integration)
2023-11-08T20:43:14.647+05:30  INFO 14320 --- [main] j.LocalContainerEntityManagerFactoryBean : Initialized JPA EntityManagerFactory for persistence unit 'default'
2023-11-08T20:43:15.371+05:30  WARN 14320 --- [main] JpaBaseConfiguration$JpaWebConfiguration : spring.jpa.open-in-view is enabled by default. Therefore, database queries may be performed during view rendering. Explicitly configure spring.jpa.open-in-view to disable this warning
2023-11-08T20:43:15.876+05:30  WARN 14320 --- [main] .s.s.UserDetailsServiceAutoConfiguration : 

Using generated security password: e3254151-3b5f-49ae-9991-3b3ba9abe4c6

This generated password is for development use only. Your security configuration must be updated before running your application in production.

2023-11-08T20:43:16.039+05:30  INFO 14320 --- [main] o.s.s.web.DefaultSecurityFilterChain     : Will secure any request with [org.springframework.security.web.session.DisableEncodeUrlFilter@fd8513b, org.springframework.security.web.context.request.async.WebAsyncManagerIntegrationFilter@18372705, org.springframework.security.web.context.SecurityContextHolderFilter@5e1d3188, org.springframework.security.web.header.HeaderWriterFilter@7200702, org.springframework.security.web.csrf.CsrfFilter@aeb8ee2, org.springframework.security.web.authentication.logout.LogoutFilter@5db6083b, org.springframework.security.web.authentication.UsernamePasswordAuthenticationFilter@31c17fd4, org.springframework.security.web.authentication.ui.DefaultLoginPageGeneratingFilter@126ae0ca, org.springframework.security.web.authentication.ui.DefaultLogoutPageGeneratingFilter@418f0f27, org.springframework.security.web.authentication.www.BasicAuthenticationFilter@25865fca, org.springframework.security.web.savedrequest.RequestCacheAwareFilter@7306836f, org.springframework.security.web.servletapi.SecurityContextHolderAwareRequestFilter@36003e90, org.springframework.security.web.authentication.AnonymousAuthenticationFilter@427946b9, org.springframework.security.web.access.ExceptionTranslationFilter@3095c449, org.springframework.security.web.access.intercept.AuthorizationFilter@628af295]
2023-11-08T20:43:16.087+05:30  WARN 14320 --- [main] ConfigServletWebServerApplicationContext : Exception encountered during context initialization - cancelling refresh attempt: org.springframework.context.ApplicationContextException: Failed to start bean 'webServerStartStop'
2023-11-08T20:43:16.089+05:30  INFO 14320 --- [main] j.LocalContainerEntityManagerFactoryBean : Closing JPA EntityManagerFactory for persistence unit 'default'
2023-11-08T20:43:16.091+05:30  INFO 14320 --- [main] com.zaxxer.hikari.HikariDataSource       : HikariPool-1 - Shutdown initiated...
2023-11-08T20:43:16.099+05:30  INFO 14320 --- [main] com.zaxxer.hikari.HikariDataSource       : HikariPool-1 - Shutdown completed.
2023-11-08T20:43:16.102+05:30  INFO 14320 --- [main] o.apache.catalina.core.StandardService   : Stopping service [Tomcat]
2023-11-08T20:43:16.117+05:30  INFO 14320 --- [main] .s.b.a.l.ConditionEvaluationReportLogger : 

Error starting ApplicationContext. To display the condition evaluation report re-run your application with 'debug' enabled.
2023-11-08T20:43:16.142+05:30 ERROR 14320 --- [main] o.s.b.d.LoggingFailureAnalysisReporter   : 

***************************
APPLICATION FAILED TO START
***************************

Description:

Web server failed to start. Port 8080 was already in use.

Action:

Identify and stop the process that's listening on port 8080 or configure this application to listen on another port.

2023-11-08T20:43:40.976+05:30  INFO 17724 --- [main] com.app.OnlineCabBookingApplication      : Starting OnlineCabBookingApplication using Java 17.0.8.1 with PID 17724 (C:\Users\asus\Desktop\OnlineCabBookingApplication\OnlineCabBookingApplication\target\classes started by asus in C:\Users\asus\Desktop\OnlineCabBookingApplication\OnlineCabBookingApplication)
2023-11-08T20:43:40.981+05:30  INFO 17724 --- [main] com.app.OnlineCabBookingApplication      : No active profile set, falling back to 1 default profile: "default"
2023-11-08T20:43:42.136+05:30  INFO 17724 --- [main] .s.d.r.c.RepositoryConfigurationDelegate : Bootstrapping Spring Data JPA repositories in DEFAULT mode.
2023-11-08T20:43:42.233+05:30  INFO 17724 --- [main] .s.d.r.c.RepositoryConfigurationDelegate : Finished Spring Data repository scanning in 84 ms. Found 5 JPA repository interfaces.
2023-11-08T20:43:42.965+05:30  INFO 17724 --- [main] o.s.b.w.embedded.tomcat.TomcatWebServer  : Tomcat initialized with port(s): 8080 (http)
2023-11-08T20:43:42.980+05:30  INFO 17724 --- [main] o.apache.catalina.core.StandardService   : Starting service [Tomcat]
2023-11-08T20:43:42.980+05:30  INFO 17724 --- [main] o.apache.catalina.core.StandardEngine    : Starting Servlet engine: [Apache Tomcat/10.1.15]
2023-11-08T20:43:43.154+05:30  INFO 17724 --- [main] o.a.c.c.C.[Tomcat].[localhost].[/]       : Initializing Spring embedded WebApplicationContext
2023-11-08T20:43:43.156+05:30  INFO 17724 --- [main] w.s.c.ServletWebServerApplicationContext : Root WebApplicationContext: initialization completed in 2051 ms
2023-11-08T20:43:43.424+05:30  INFO 17724 --- [main] o.hibernate.jpa.internal.util.LogHelper  : HHH000204: Processing PersistenceUnitInfo [name: default]
2023-11-08T20:43:43.506+05:30  INFO 17724 --- [main] org.hibernate.Version                    : HHH000412: Hibernate ORM core version 6.2.13.Final
2023-11-08T20:43:43.509+05:30  INFO 17724 --- [main] org.hibernate.cfg.Environment            : HHH000406: Using bytecode reflection optimizer
2023-11-08T20:43:43.891+05:30  INFO 17724 --- [main] o.s.o.j.p.SpringPersistenceUnitInfo      : No LoadTimeWeaver setup: ignoring JPA class transformer
2023-11-08T20:43:43.933+05:30  INFO 17724 --- [main] com.zaxxer.hikari.HikariDataSource       : HikariPool-1 - Starting...
2023-11-08T20:43:44.366+05:30  INFO 17724 --- [main] com.zaxxer.hikari.pool.HikariPool        : HikariPool-1 - Added connection com.mysql.cj.jdbc.ConnectionImpl@36a58466
2023-11-08T20:43:44.369+05:30  INFO 17724 --- [main] com.zaxxer.hikari.HikariDataSource       : HikariPool-1 - Start completed.
2023-11-08T20:43:45.954+05:30  INFO 17724 --- [main] o.h.e.t.j.p.i.JtaPlatformInitiator       : HHH000489: No JTA platform available (set 'hibernate.transaction.jta.platform' to enable JTA platform integration)
2023-11-08T20:43:46.076+05:30  INFO 17724 --- [main] j.LocalContainerEntityManagerFactoryBean : Initialized JPA EntityManagerFactory for persistence unit 'default'
2023-11-08T20:43:46.778+05:30  WARN 17724 --- [main] JpaBaseConfiguration$JpaWebConfiguration : spring.jpa.open-in-view is enabled by default. Therefore, database queries may be performed during view rendering. Explicitly configure spring.jpa.open-in-view to disable this warning
2023-11-08T20:43:47.376+05:30  WARN 17724 --- [main] .s.s.UserDetailsServiceAutoConfiguration : 

Using generated security password: 75f83cc7-b8fe-42ff-b404-81a7bf8e1cad

This generated password is for development use only. Your security configuration must be updated before running your application in production.

2023-11-08T20:43:47.545+05:30  INFO 17724 --- [main] o.s.s.web.DefaultSecurityFilterChain     : Will secure any request with [org.springframework.security.web.session.DisableEncodeUrlFilter@2ab87cb8, org.springframework.security.web.context.request.async.WebAsyncManagerIntegrationFilter@4ac1544f, org.springframework.security.web.context.SecurityContextHolderFilter@1695f7cb, org.springframework.security.web.header.HeaderWriterFilter@475c2f47, org.springframework.security.web.csrf.CsrfFilter@77228160, org.springframework.security.web.authentication.logout.LogoutFilter@189c6683, org.springframework.security.web.authentication.UsernamePasswordAuthenticationFilter@5ab0168, org.springframework.security.web.authentication.ui.DefaultLoginPageGeneratingFilter@71dac63f, org.springframework.security.web.authentication.ui.DefaultLogoutPageGeneratingFilter@4578d654, org.springframework.security.web.authentication.www.BasicAuthenticationFilter@cbd9494, org.springframework.security.web.savedrequest.RequestCacheAwareFilter@236bb278, org.springframework.security.web.servletapi.SecurityContextHolderAwareRequestFilter@5e1d3188, org.springframework.security.web.authentication.AnonymousAuthenticationFilter@25865fca, org.springframework.security.web.access.ExceptionTranslationFilter@5481001f, org.springframework.security.web.access.intercept.AuthorizationFilter@68312b85]
2023-11-08T20:43:47.644+05:30  INFO 17724 --- [main] o.s.b.w.embedded.tomcat.TomcatWebServer  : Tomcat started on port(s): 8080 (http) with context path ''
2023-11-08T20:43:47.659+05:30  INFO 17724 --- [main] com.app.OnlineCabBookingApplication      : Started OnlineCabBookingApplication in 7.294 seconds (process running for 8.494)
